<?xml version="1.0" encoding="UTF-8"?>
<!-- Generated by org.testng.reporters.JUnitXMLReporter -->
<testsuite ignored="0" hostname="DESKTOP-C236EPA" failures="0" tests="4" name="Test" time="0.104" errors="0" timestamp="2021-06-19T15:49:03 IST">
  <testcase classname="PracticRandom.Methods2" name="third" time="0.013"/>
  <testcase classname="PracticRandom.Methods2" name="first" time="0.004"/>
  <testcase classname="PracticRandom.Methods2" name="second" time="0.003"/>
  <testcase classname="PracticRandom.Methods2" name="fourth" time="0.004"/>
</testsuite> <!-- Test -->
