<?xml version="1.0" encoding="UTF-8"?>
<testng-results ignored="0" total="4" passed="4" failed="0" skipped="0">
  <reporter-output>
  </reporter-output>
  <suite started-at="2021-06-19T15:49:03 IST" name="Suite" finished-at="2021-06-19T15:49:03 IST" duration-ms="104">
    <groups>
    </groups>
    <test started-at="2021-06-19T15:49:03 IST" name="Test" finished-at="2021-06-19T15:49:03 IST" duration-ms="104">
      <class name="PracticRandom.Methods2">
        <test-method signature="third()[pri:0, instance:PracticRandom.Methods2@6283d8b8]" started-at="2021-06-19T15:49:03 IST" name="third" finished-at="2021-06-19T15:49:03 IST" duration-ms="13" status="PASS">
          <reporter-output>
          </reporter-output>
        </test-method> <!-- third -->
        <test-method signature="first()[pri:1, instance:PracticRandom.Methods2@6283d8b8]" started-at="2021-06-19T15:49:03 IST" name="first" finished-at="2021-06-19T15:49:03 IST" duration-ms="4" status="PASS">
          <reporter-output>
          </reporter-output>
        </test-method> <!-- first -->
        <test-method signature="second()[pri:2, instance:PracticRandom.Methods2@6283d8b8]" started-at="2021-06-19T15:49:03 IST" name="second" finished-at="2021-06-19T15:49:03 IST" duration-ms="3" status="PASS">
          <reporter-output>
          </reporter-output>
        </test-method> <!-- second -->
        <test-method signature="fourth()[pri:3, instance:PracticRandom.Methods2@6283d8b8]" started-at="2021-06-19T15:49:03 IST" name="fourth" finished-at="2021-06-19T15:49:03 IST" duration-ms="4" status="PASS">
          <reporter-output>
          </reporter-output>
        </test-method> <!-- fourth -->
      </class> <!-- PracticRandom.Methods2 -->
    </test> <!-- Test -->
  </suite> <!-- Suite -->
</testng-results>
